[debug] [2021-08-10T15:29:04.425Z] ----------------------------------------------------------------------
[debug] [2021-08-10T15:29:04.426Z] Command:       /usr/local/bin/node /usr/local/bin/firebase init
[debug] [2021-08-10T15:29:04.426Z] CLI Version:   3.15.3
[debug] [2021-08-10T15:29:04.426Z] Platform:      darwin
[debug] [2021-08-10T15:29:04.426Z] Node Version:  v14.15.4
[debug] [2021-08-10T15:29:04.427Z] Time:          Tue Aug 10 2021 11:29:04 GMT-0400 (Eastern Daylight Time)
[debug] [2021-08-10T15:29:04.427Z] ----------------------------------------------------------------------
[debug] 
[debug] [2021-08-10T15:29:04.435Z] > command requires scopes: ["email","openid","https://www.googleapis.com/auth/cloudplatformprojects.readonly","https://www.googleapis.com/auth/firebase"]
[debug] [2021-08-10T15:29:04.435Z] > authorizing via signed-in user
[info] 
     🔥🔥🔥🔥🔥🔥🔥🔥 🔥🔥🔥🔥 🔥🔥🔥🔥🔥🔥🔥🔥  🔥🔥🔥🔥🔥🔥🔥🔥 🔥🔥🔥🔥🔥🔥🔥🔥     🔥🔥🔥     🔥🔥🔥🔥🔥🔥  🔥🔥🔥🔥🔥🔥🔥🔥
     🔥🔥        🔥🔥  🔥🔥     🔥🔥 🔥🔥       🔥🔥     🔥🔥  🔥🔥   🔥🔥  🔥🔥       🔥🔥
     🔥🔥🔥🔥🔥🔥    🔥🔥  🔥🔥🔥🔥🔥🔥🔥🔥  🔥🔥🔥🔥🔥🔥   🔥🔥🔥🔥🔥🔥🔥🔥  🔥🔥🔥🔥🔥🔥🔥🔥🔥  🔥🔥🔥🔥🔥🔥  🔥🔥🔥🔥🔥🔥
     🔥🔥        🔥🔥  🔥🔥    🔥🔥  🔥🔥       🔥🔥     🔥🔥 🔥🔥     🔥🔥       🔥🔥 🔥🔥
     🔥🔥       🔥🔥🔥🔥 🔥🔥     🔥🔥 🔥🔥🔥🔥🔥🔥🔥🔥 🔥🔥🔥🔥🔥🔥🔥🔥  🔥🔥     🔥🔥  🔥🔥🔥🔥🔥🔥  🔥🔥🔥🔥🔥🔥🔥🔥

You're about to initialize a Firebase project in this directory:

  /Users/madelenecampos/Documents/projects/portfolio/public

[info] 
=== Project Setup
[info] 
[info] First, let's associate this project directory with a Firebase project.
[info] You can create multiple project aliases by running firebase use --add, 
[info] but for now we'll just set up a default project.
[info] 
[debug] [2021-08-10T15:29:14.661Z] >>> HTTP REQUEST GET https://admin.firebase.com/v1/projects  
 Tue Aug 10 2021 11:29:14 GMT-0400 (Eastern Daylight Time)
[debug] [2021-08-10T15:29:58.211Z] ----------------------------------------------------------------------
[debug] [2021-08-10T15:29:58.213Z] Command:       /usr/local/bin/node /usr/local/bin/firebase init
[debug] [2021-08-10T15:29:58.213Z] CLI Version:   3.15.3
[debug] [2021-08-10T15:29:58.213Z] Platform:      darwin
[debug] [2021-08-10T15:29:58.213Z] Node Version:  v14.15.4
[debug] [2021-08-10T15:29:58.214Z] Time:          Tue Aug 10 2021 11:29:58 GMT-0400 (Eastern Daylight Time)
[debug] [2021-08-10T15:29:58.214Z] ----------------------------------------------------------------------
[debug] 
[debug] [2021-08-10T15:29:58.222Z] > command requires scopes: ["email","openid","https://www.googleapis.com/auth/cloudplatformprojects.readonly","https://www.googleapis.com/auth/firebase"]
[debug] [2021-08-10T15:29:58.222Z] > authorizing via signed-in user
[info] 
     🔥🔥🔥🔥🔥🔥🔥🔥 🔥🔥🔥🔥 🔥🔥🔥🔥🔥🔥🔥🔥  🔥🔥🔥🔥🔥🔥🔥🔥 🔥🔥🔥🔥🔥🔥🔥🔥     🔥🔥🔥     🔥🔥🔥🔥🔥🔥  🔥🔥🔥🔥🔥🔥🔥🔥
     🔥🔥        🔥🔥  🔥🔥     🔥🔥 🔥🔥       🔥🔥     🔥🔥  🔥🔥   🔥🔥  🔥🔥       🔥🔥
     🔥🔥🔥🔥🔥🔥    🔥🔥  🔥🔥🔥🔥🔥🔥🔥🔥  🔥🔥🔥🔥🔥🔥   🔥🔥🔥🔥🔥🔥🔥🔥  🔥🔥🔥🔥🔥🔥🔥🔥🔥  🔥🔥🔥🔥🔥🔥  🔥🔥🔥🔥🔥🔥
     🔥🔥        🔥🔥  🔥🔥    🔥🔥  🔥🔥       🔥🔥     🔥🔥 🔥🔥     🔥🔥       🔥🔥 🔥🔥
     🔥🔥       🔥🔥🔥🔥 🔥🔥     🔥🔥 🔥🔥🔥🔥🔥🔥🔥🔥 🔥🔥🔥🔥🔥🔥🔥🔥  🔥🔥     🔥🔥  🔥🔥🔥🔥🔥🔥  🔥🔥🔥🔥🔥🔥🔥🔥

You're about to initialize a Firebase project in this directory:

  /Users/madelenecampos/Documents/projects/portfolio/public

[info] 
=== Project Setup
[info] 
[info] First, let's associate this project directory with a Firebase project.
[info] You can create multiple project aliases by running firebase use --add, 
[info] but for now we'll just set up a default project.
[info] 
[debug] [2021-08-10T15:30:03.335Z] >>> HTTP REQUEST GET https://admin.firebase.com/v1/projects  
 Tue Aug 10 2021 11:30:03 GMT-0400 (Eastern Daylight Time)
[debug] [2021-08-10T15:31:18.570Z] Error: connect ETIMEDOUT 104.197.85.31:443
    at TCPConnectWrap.afterConnect [as oncomplete] (net.js:1146:16)
[error] 
[error] Error: Server Error. connect ETIMEDOUT 104.197.85.31:443
